0 info it worked if it ends with ok
1 verbose cli [ '/usr/local/bin/node', '/usr/local/bin/npm', 'install' ]
2 info using npm@1.2.18
3 info using node@v0.10.4
4 verbose read json /var/www/html/package.json
5 warn package.json hack15express@1.0.0 No README.md file found!
6 verbose readDependencies using package.json deps
7 verbose install where, deps [ '/var/www/html', [ 'express' ] ]
8 verbose from cache /var/www/html/package.json
9 info preinstall hack15express@1.0.0
10 verbose read json /var/www/html/node_modules/express/package.json
11 verbose read json /var/www/html/node_modules/express-generator/package.json
12 verbose from cache /var/www/html/package.json
13 verbose readDependencies using package.json deps
14 verbose from cache /var/www/html/node_modules/express/package.json
15 verbose from cache /var/www/html/node_modules/express-generator/package.json
16 verbose cache add [ 'express@^4.12.3', null ]
17 verbose cache add name=undefined spec="express@^4.12.3" args=["express@^4.12.3",null]
18 verbose parsed url { protocol: null,
18 verbose parsed url   slashes: null,
18 verbose parsed url   auth: null,
18 verbose parsed url   host: null,
18 verbose parsed url   port: null,
18 verbose parsed url   hostname: null,
18 verbose parsed url   hash: null,
18 verbose parsed url   search: null,
18 verbose parsed url   query: null,
18 verbose parsed url   pathname: 'express@^4.12.3',
18 verbose parsed url   path: 'express@^4.12.3',
18 verbose parsed url   href: 'express@^4.12.3' }
19 verbose cache add name="express" spec="^4.12.3" args=["express","^4.12.3"]
20 verbose parsed url { protocol: null,
20 verbose parsed url   slashes: null,
20 verbose parsed url   auth: null,
20 verbose parsed url   host: null,
20 verbose parsed url   port: null,
20 verbose parsed url   hostname: null,
20 verbose parsed url   hash: null,
20 verbose parsed url   search: null,
20 verbose parsed url   query: null,
20 verbose parsed url   pathname: '^4.12.3',
20 verbose parsed url   path: '^4.12.3',
20 verbose parsed url   href: '^4.12.3' }
21 verbose addNamed [ 'express', '^4.12.3' ]
22 verbose addNamed [ null, null ]
23 silly lockFile dbce67be-express-4-12-3 express@^4.12.3
24 verbose lock express@^4.12.3 /root/.npm/dbce67be-express-4-12-3.lock
25 info addNameTag [ 'express', '^4.12.3' ]
26 verbose url raw express
27 verbose url resolving [ 'https://registry.npmjs.org/', './express' ]
28 verbose url resolved https://registry.npmjs.org/express
29 info trying registry request attempt 1 at 03:38:04
30 verbose etag "F2J5MEHNOTZMSKX5K7I45I27F"
31 http GET https://registry.npmjs.org/express
32 http 304 https://registry.npmjs.org/express
33 silly registry.get cb [ 304,
33 silly registry.get   { date: 'Sun, 12 Apr 2015 03:38:04 GMT',
33 silly registry.get     server: 'Apache',
33 silly registry.get     via: '1.1 varnish',
33 silly registry.get     'last-modified': 'Sun, 12 Apr 2015 03:38:04 GMT',
33 silly registry.get     'cache-control': 'max-age=60',
33 silly registry.get     etag: '"F2J5MEHNOTZMSKX5K7I45I27F"',
33 silly registry.get     age: '58',
33 silly registry.get     'x-served-by': 'cache-atl6233-ATL',
33 silly registry.get     'x-cache': 'HIT',
33 silly registry.get     'x-cache-hits': '1',
33 silly registry.get     'x-timer': 'S1428809884.466597,VS0,VE2',
33 silly registry.get     vary: 'Accept',
33 silly registry.get     'content-length': '0',
33 silly registry.get     'keep-alive': 'timeout=10, max=50',
33 silly registry.get     connection: 'Keep-Alive' } ]
34 verbose etag express from cache
35 silly lockFile dbce67be-express-4-12-3 express@^4.12.3
36 silly lockFile dbce67be-express-4-12-3 express@^4.12.3
37 error Error: No compatible version found: express@'^4.12.3'
37 error Valid install targets:
37 error ["0.14.0","0.14.1","1.0.0","1.0.1","1.0.2","1.0.3","1.0.4","1.0.5","1.0.6","1.0.7","1.0.8","2.0.0","2.1.0","2.1.1","2.2.0","2.2.1","2.2.2","2.3.0","2.3.1","2.3.2","2.3.3","2.3.4","2.3.5","2.3.6","2.3.7","2.3.8","2.3.9","2.3.10","2.3.11","2.3.12","2.4.0","2.4.1","2.4.2","2.4.3","2.4.4","2.4.5","2.4.6","2.4.7","2.5.0","2.5.1","2.5.2","2.5.3","2.5.4","2.5.5","2.5.6","2.5.7","2.5.8","2.5.9","2.5.10","2.5.11","3.0.0","3.0.1","3.0.2","3.0.3","3.0.4","3.0.5","3.0.6","3.1.0","3.1.1","3.1.2","3.2.0","3.2.1","3.2.2","3.2.3","3.2.4","3.2.5","3.2.6","3.3.0","3.3.1","3.3.2","3.3.3","3.3.4","3.3.5","3.3.6","1.0.0-beta","1.0.0-beta2","1.0.0-rc","1.0.0-rc2","1.0.0-rc3","1.0.0-rc4","2.0.0-beta","2.0.0-beta2","2.0.0-beta3","2.0.0-rc","2.0.0-rc2","2.0.0-rc3","3.0.0-alpha1","3.0.0-alpha2","3.0.0-alpha3","3.0.0-alpha4","3.0.0-alpha5","3.0.0-beta1","3.0.0-beta2","3.0.0-beta3","3.0.0-beta4","3.0.0-beta6","3.0.0-beta7","3.0.0-rc1","3.0.0-rc2","3.0.0-rc3","3.0.0-rc4","3.0.0-rc5","3.3.7","3.3.8","3.4.0","3.4.1","3.4.2","3.4.3","3.4.4","3.4.5","3.4.6","3.4.7","3.4.8","4.0.0-rc1","4.0.0-rc2","3.5.0","4.0.0-rc3","4.0.0-rc4","3.5.1","4.0.0","3.5.2","4.1.0","4.1.1","3.5.3","4.1.2","3.6.0","4.2.0","3.7.0","3.8.0","4.3.0","4.3.1","3.8.1","4.3.2","3.9.0","4.4.0","4.4.1","3.10.0","3.10.1","3.10.2","3.10.3","3.10.4","4.4.2","3.10.5","4.4.3","3.11.0","4.4.4","3.12.0","3.12.1","4.4.5","3.13.0","4.5.0","4.5.1","3.14.0","4.6.0","4.6.1","3.15.0","4.7.0","3.15.1","4.7.1","3.15.2","4.7.2","4.7.3","3.15.3","4.7.4","3.16.0","4.8.0","3.16.1","4.8.1","3.16.2","4.8.2","3.16.3","3.16.4","4.8.3","3.16.5","3.16.6","4.8.4","3.16.7","4.8.5","3.16.8","4.8.6","3.16.9","4.8.7","3.16.10","4.8.8","3.17.0","3.17.1","4.9.0","3.17.2","4.9.1","4.9.2","3.17.3","4.9.3","3.17.4","4.9.4","3.17.5","4.9.5","3.17.6","3.17.7","4.9.6","4.9.7","3.17.8","4.9.8","3.18.0","3.18.1","4.10.0","3.18.2","4.10.1","5.0.0-alpha.1","3.18.3","4.10.2","3.18.4","4.10.3","4.10.4","4.10.5","3.18.5","3.18.6","4.10.6","4.10.7","3.19.0","4.10.8","4.11.0","3.19.1","4.11.1","3.19.2","4.11.2","3.20.0","4.12.0","3.20.1","4.12.1","4.12.2","3.20.2","4.12.3"]
37 error     at installTargetsError (/usr/local/lib/node_modules/npm/lib/cache.js:685:10)
37 error     at /usr/local/lib/node_modules/npm/lib/cache.js:607:10
37 error     at saved (/usr/local/lib/node_modules/npm/node_modules/npm-registry-client/lib/get.js:138:7)
37 error     at Object.oncomplete (fs.js:107:15)
38 error If you need help, you may report this log at:
38 error     <http://github.com/isaacs/npm/issues>
38 error or email it to:
38 error     <npm-@googlegroups.com>
39 error System Linux 3.19.1-x86_64-linode53
40 error command "/usr/local/bin/node" "/usr/local/bin/npm" "install"
41 error cwd /var/www/html
42 error node -v v0.10.4
43 error npm -v 1.2.18
44 verbose exit [ 1, true ]
